# JRE version: Java(TM) SE Runtime Environment (7.0_76-b13) (build 1.7.0_76-b13)
# Java VM: Java HotSpot(TM) 64-Bit Server VM (24.76-b04 mixed mode linux-amd64 compressed oops)
Heap
 PSYoungGen      total 68608K, used 5108K [0x00000000f5500000, 0x00000000f9d00000, 0x0000000100000000)
  eden space 63488K, 0% used [0x00000000f5500000,0x00000000f5500000,0x00000000f9300000)
  from space 5120K, 99% used [0x00000000f9300000,0x00000000f97fd180,0x00000000f9800000)
  to   space 5120K, 0% used [0x00000000f9800000,0x00000000f9800000,0x00000000f9d00000)
 ParOldGen       total 83968K, used 43122K [0x00000000e0000000, 0x00000000e5200000, 0x00000000f5500000)
  object space 83968K, 51% used [0x00000000e0000000,0x00000000e2a1ca78,0x00000000e5200000)
 PSPermGen       total 36352K, used 36232K [0x00000000d8000000, 0x00000000da380000, 0x00000000e0000000)
  object space 36352K, 99% used [0x00000000d8000000,0x00000000da362398,0x00000000da380000)
GC Heap History (9 events):
Event: 1.891 GC heap before
{Heap before GC invocations=1 (full 0):
 PSYoungGen      total 36864K, used 31744K [0x00000000f5500000, 0x00000000f7e00000, 0x0000000100000000)
  eden space 31744K, 100% used [0x00000000f5500000,0x00000000f7400000,0x00000000f7400000)
  from space 5120K, 0% used [0x00000000f7900000,0x00000000f7900000,0x00000000f7e00000)
  to   space 5120K, 0% used [0x00000000f7400000,0x00000000f7400000,0x00000000f7900000)
 ParOldGen       total 83968K, used 0K [0x00000000e0000000, 0x00000000e5200000, 0x00000000f5500000)
  object space 83968K, 0% used [0x00000000e0000000,0x00000000e0000000,0x00000000e5200000)
 PSPermGen       total 21504K, used 13884K [0x00000000d8000000, 0x00000000d9500000, 0x00000000e0000000)
  object space 21504K, 64% used [0x00000000d8000000,0x00000000d8d8f150,0x00000000d9500000)
Event: 1.907 GC heap after
Heap after GC invocations=1 (full 0):
 PSYoungGen      total 36864K, used 5096K [0x00000000f5500000, 0x00000000f7e00000, 0x0000000100000000)
  eden space 31744K, 0% used [0x00000000f5500000,0x00000000f5500000,0x00000000f7400000)
  from space 5120K, 99% used [0x00000000f7400000,0x00000000f78fa2c8,0x00000000f7900000)
  to   space 5120K, 0% used [0x00000000f7900000,0x00000000f7900000,0x00000000f7e00000)
 ParOldGen       total 83968K, used 3246K [0x00000000e0000000, 0x00000000e5200000, 0x00000000f5500000)
  object space 83968K, 3% used [0x00000000e0000000,0x00000000e032b808,0x00000000e5200000)
 PSPermGen       total 21504K, used 13884K [0x00000000d8000000, 0x00000000d9500000, 0x00000000e0000000)
  object space 21504K, 64% used [0x00000000d8000000,0x00000000d8d8f150,0x00000000d9500000)
}
Event: 2.356 GC heap before
{Heap before GC invocations=2 (full 0):
 PSYoungGen      total 36864K, used 36840K [0x00000000f5500000, 0x00000000f7e00000, 0x0000000100000000)
  eden space 31744K, 100% used [0x00000000f5500000,0x00000000f7400000,0x00000000f7400000)
  from space 5120K, 99% used [0x00000000f7400000,0x00000000f78fa2c8,0x00000000f7900000)
  to   space 5120K, 0% used [0x00000000f7900000,0x00000000f7900000,0x00000000f7e00000)
 ParOldGen       total 83968K, used 3246K [0x00000000e0000000, 0x00000000e5200000, 0x00000000f5500000)
  object space 83968K, 3% used [0x00000000e0000000,0x00000000e032b808,0x00000000e5200000)
 PSPermGen       total 21504K, used 16869K [0x00000000d8000000, 0x00000000d9500000, 0x00000000e0000000)
  object space 21504K, 78% used [0x00000000d8000000,0x00000000d90794c0,0x00000000d9500000)
Event: 2.377 GC heap after
Heap after GC invocations=2 (full 0):
 PSYoungGen      total 36864K, used 5113K [0x00000000f5500000, 0x00000000f9d00000, 0x0000000100000000)
  eden space 31744K, 0% used [0x00000000f5500000,0x00000000f5500000,0x00000000f7400000)
  from space 5120K, 99% used [0x00000000f7900000,0x00000000f7dfe738,0x00000000f7e00000)
  to   space 5120K, 0% used [0x00000000f7400000,0x00000000f7400000,0x00000000f7900000)
 ParOldGen       total 83968K, used 7109K [0x00000000e0000000, 0x00000000e5200000, 0x00000000f5500000)
  object space 83968K, 8% used [0x00000000e0000000,0x00000000e06f1660,0x00000000e5200000)
 PSPermGen       total 21504K, used 16869K [0x00000000d8000000, 0x00000000d9500000, 0x00000000e0000000)
  object space 21504K, 78% used [0x00000000d8000000,0x00000000d90794c0,0x00000000d9500000)
}
Event: 2.951 GC heap before
{Heap before GC invocations=3 (full 0):
 PSYoungGen      total 36864K, used 36857K [0x00000000f5500000, 0x00000000f9d00000, 0x0000000100000000)
  eden space 31744K, 100% used [0x00000000f5500000,0x00000000f7400000,0x00000000f7400000)
  from space 5120K, 99% used [0x00000000f7900000,0x00000000f7dfe738,0x00000000f7e00000)
  to   space 5120K, 0% used [0x00000000f7400000,0x00000000f7400000,0x00000000f7900000)
 ParOldGen       total 83968K, used 7109K [0x00000000e0000000, 0x00000000e5200000, 0x00000000f5500000)
  object space 83968K, 8% used [0x00000000e0000000,0x00000000e06f1660,0x00000000e5200000)
 PSPermGen       total 24576K, used 24294K [0x00000000d8000000, 0x00000000d9800000, 0x00000000e0000000)
  object space 24576K, 98% used [0x00000000d8000000,0x00000000d97b9828,0x00000000d9800000)
Event: 2.987 GC heap after
Heap after GC invocations=3 (full 0):
 PSYoungGen      total 36864K, used 5092K [0x00000000f5500000, 0x00000000f9d00000, 0x0000000100000000)
  eden space 31744K, 0% used [0x00000000f5500000,0x00000000f5500000,0x00000000f7400000)
  from space 5120K, 99% used [0x00000000f7400000,0x00000000f78f9160,0x00000000f7900000)
  to   space 5120K, 0% used [0x00000000f9800000,0x00000000f9800000,0x00000000f9d00000)
 ParOldGen       total 83968K, used 16167K [0x00000000e0000000, 0x00000000e5200000, 0x00000000f5500000)
  object space 83968K, 19% used [0x00000000e0000000,0x00000000e0fc9ee8,0x00000000e5200000)
 PSPermGen       total 24576K, used 24294K [0x00000000d8000000, 0x00000000d9800000, 0x00000000e0000000)
  object space 24576K, 98% used [0x00000000d8000000,0x00000000d97b9828,0x00000000d9800000)
}
Event: 3.551 GC heap before
{Heap before GC invocations=4 (full 0):
 PSYoungGen      total 36864K, used 36836K [0x00000000f5500000, 0x00000000f9d00000, 0x0000000100000000)
  eden space 31744K, 100% used [0x00000000f5500000,0x00000000f7400000,0x00000000f7400000)
  from space 5120K, 99% used [0x00000000f7400000,0x00000000f78f9160,0x00000000f7900000)
  to   space 5120K, 0% used [0x00000000f9800000,0x00000000f9800000,0x00000000f9d00000)
 ParOldGen       total 83968K, used 16167K [0x00000000e0000000, 0x00000000e5200000, 0x00000000f5500000)
  object space 83968K, 19% used [0x00000000e0000000,0x00000000e0fc9ee8,0x00000000e5200000)
 PSPermGen       total 32256K, used 31847K [0x00000000d8000000, 0x00000000d9f80000, 0x00000000e0000000)
  object space 32256K, 98% used [0x00000000d8000000,0x00000000d9f19fb0,0x00000000d9f80000)
Event: 3.584 GC heap after
Heap after GC invocations=4 (full 0):
 PSYoungGen      total 68608K, used 5092K [0x00000000f5500000, 0x00000000f9d00000, 0x0000000100000000)
  eden space 63488K, 0% used [0x00000000f5500000,0x00000000f5500000,0x00000000f9300000)
  from space 5120K, 99% used [0x00000000f9800000,0x00000000f9cf91a0,0x00000000f9d00000)
  to   space 5120K, 0% used [0x00000000f9300000,0x00000000f9300000,0x00000000f9800000)
 ParOldGen       total 83968K, used 26580K [0x00000000e0000000, 0x00000000e5200000, 0x00000000f5500000)
  object space 83968K, 31% used [0x00000000e0000000,0x00000000e19f52a8,0x00000000e5200000)
 PSPermGen       total 32256K, used 31847K [0x00000000d8000000, 0x00000000d9f80000, 0x00000000e0000000)
  object space 32256K, 98% used [0x00000000d8000000,0x00000000d9f19fb0,0x00000000d9f80000)
}
Event: 5.671 GC heap before
{Heap before GC invocations=5 (full 0):
 PSYoungGen      total 68608K, used 68580K [0x00000000f5500000, 0x00000000f9d00000, 0x0000000100000000)
  eden space 63488K, 100% used [0x00000000f5500000,0x00000000f9300000,0x00000000f9300000)
  from space 5120K, 99% used [0x00000000f9800000,0x00000000f9cf91a0,0x00000000f9d00000)
  to   space 5120K, 0% used [0x00000000f9300000,0x00000000f9300000,0x00000000f9800000)
 ParOldGen       total 83968K, used 26580K [0x00000000e0000000, 0x00000000e5200000, 0x00000000f5500000)
  object space 83968K, 31% used [0x00000000e0000000,0x00000000e19f52a8,0x00000000e5200000)
 PSPermGen       total 36352K, used 36232K [0x00000000d8000000, 0x00000000da380000, 0x00000000e0000000)
  object space 36352K, 99% used [0x00000000d8000000,0x00000000da362398,0x00000000da380000)

