# JRE version: Java(TM) SE Runtime Environment (7.0_76-b13) (build 1.7.0_76-b13)
# Java VM: Java HotSpot(TM) 64-Bit Server VM (24.76-b04 mixed mode linux-amd64 compressed oops)
Heap
 PSYoungGen      total 68608K, used 5104K [0x00000000f5500000, 0x00000000f9d00000, 0x0000000100000000)
  eden space 63488K, 0% used [0x00000000f5500000,0x00000000f5500000,0x00000000f9300000)
  from space 5120K, 99% used [0x00000000f9300000,0x00000000f97fc090,0x00000000f9800000)
  to   space 5120K, 0% used [0x00000000f9800000,0x00000000f9800000,0x00000000f9d00000)
 ParOldGen       total 83968K, used 42865K [0x00000000e0000000, 0x00000000e5200000, 0x00000000f5500000)
  object space 83968K, 51% used [0x00000000e0000000,0x00000000e29dc730,0x00000000e5200000)
 PSPermGen       total 36352K, used 36184K [0x00000000d8000000, 0x00000000da380000, 0x00000000e0000000)
  object space 36352K, 99% used [0x00000000d8000000,0x00000000da3562c0,0x00000000da380000)
GC Heap History (9 events):
Event: 1.392 GC heap before
{Heap before GC invocations=1 (full 0):
 PSYoungGen      total 36864K, used 31744K [0x00000000f5500000, 0x00000000f7e00000, 0x0000000100000000)
  eden space 31744K, 100% used [0x00000000f5500000,0x00000000f7400000,0x00000000f7400000)
  from space 5120K, 0% used [0x00000000f7900000,0x00000000f7900000,0x00000000f7e00000)
  to   space 5120K, 0% used [0x00000000f7400000,0x00000000f7400000,0x00000000f7900000)
 ParOldGen       total 83968K, used 0K [0x00000000e0000000, 0x00000000e5200000, 0x00000000f5500000)
  object space 83968K, 0% used [0x00000000e0000000,0x00000000e0000000,0x00000000e5200000)
 PSPermGen       total 21504K, used 13839K [0x00000000d8000000, 0x00000000d9500000, 0x00000000e0000000)
  object space 21504K, 64% used [0x00000000d8000000,0x00000000d8d83c88,0x00000000d9500000)
Event: 1.402 GC heap after
Heap after GC invocations=1 (full 0):
 PSYoungGen      total 36864K, used 5099K [0x00000000f5500000, 0x00000000f7e00000, 0x0000000100000000)
  eden space 31744K, 0% used [0x00000000f5500000,0x00000000f5500000,0x00000000f7400000)
  from space 5120K, 99% used [0x00000000f7400000,0x00000000f78fad00,0x00000000f7900000)
  to   space 5120K, 0% used [0x00000000f7900000,0x00000000f7900000,0x00000000f7e00000)
 ParOldGen       total 83968K, used 3016K [0x00000000e0000000, 0x00000000e5200000, 0x00000000f5500000)
  object space 83968K, 3% used [0x00000000e0000000,0x00000000e02f2200,0x00000000e5200000)
 PSPermGen       total 21504K, used 13839K [0x00000000d8000000, 0x00000000d9500000, 0x00000000e0000000)
  object space 21504K, 64% used [0x00000000d8000000,0x00000000d8d83c88,0x00000000d9500000)
}
Event: 1.703 GC heap before
{Heap before GC invocations=2 (full 0):
 PSYoungGen      total 36864K, used 36843K [0x00000000f5500000, 0x00000000f7e00000, 0x0000000100000000)
  eden space 31744K, 100% used [0x00000000f5500000,0x00000000f7400000,0x00000000f7400000)
  from space 5120K, 99% used [0x00000000f7400000,0x00000000f78fad00,0x00000000f7900000)
  to   space 5120K, 0% used [0x00000000f7900000,0x00000000f7900000,0x00000000f7e00000)
 ParOldGen       total 83968K, used 3016K [0x00000000e0000000, 0x00000000e5200000, 0x00000000f5500000)
  object space 83968K, 3% used [0x00000000e0000000,0x00000000e02f2200,0x00000000e5200000)
 PSPermGen       total 21504K, used 16596K [0x00000000d8000000, 0x00000000d9500000, 0x00000000e0000000)
  object space 21504K, 77% used [0x00000000d8000000,0x00000000d90350b0,0x00000000d9500000)
Event: 1.713 GC heap after
Heap after GC invocations=2 (full 0):
 PSYoungGen      total 36864K, used 5113K [0x00000000f5500000, 0x00000000f9d00000, 0x0000000100000000)
  eden space 31744K, 0% used [0x00000000f5500000,0x00000000f5500000,0x00000000f7400000)
  from space 5120K, 99% used [0x00000000f7900000,0x00000000f7dfe798,0x00000000f7e00000)
  to   space 5120K, 0% used [0x00000000f7400000,0x00000000f7400000,0x00000000f7900000)
 ParOldGen       total 83968K, used 6804K [0x00000000e0000000, 0x00000000e5200000, 0x00000000f5500000)
  object space 83968K, 8% used [0x00000000e0000000,0x00000000e06a5340,0x00000000e5200000)
 PSPermGen       total 21504K, used 16596K [0x00000000d8000000, 0x00000000d9500000, 0x00000000e0000000)
  object space 21504K, 77% used [0x00000000d8000000,0x00000000d90350b0,0x00000000d9500000)
}
Event: 2.098 GC heap before
{Heap before GC invocations=3 (full 0):
 PSYoungGen      total 36864K, used 36857K [0x00000000f5500000, 0x00000000f9d00000, 0x0000000100000000)
  eden space 31744K, 100% used [0x00000000f5500000,0x00000000f7400000,0x00000000f7400000)
  from space 5120K, 99% used [0x00000000f7900000,0x00000000f7dfe798,0x00000000f7e00000)
  to   space 5120K, 0% used [0x00000000f7400000,0x00000000f7400000,0x00000000f7900000)
 ParOldGen       total 83968K, used 6804K [0x00000000e0000000, 0x00000000e5200000, 0x00000000f5500000)
  object space 83968K, 8% used [0x00000000e0000000,0x00000000e06a5340,0x00000000e5200000)
 PSPermGen       total 24576K, used 24244K [0x00000000d8000000, 0x00000000d9800000, 0x00000000e0000000)
  object space 24576K, 98% used [0x00000000d8000000,0x00000000d97ad318,0x00000000d9800000)
Event: 2.125 GC heap after
Heap after GC invocations=3 (full 0):
 PSYoungGen      total 36864K, used 5092K [0x00000000f5500000, 0x00000000f9d00000, 0x0000000100000000)
  eden space 31744K, 0% used [0x00000000f5500000,0x00000000f5500000,0x00000000f7400000)
  from space 5120K, 99% used [0x00000000f7400000,0x00000000f78f91a0,0x00000000f7900000)
  to   space 5120K, 0% used [0x00000000f9800000,0x00000000f9800000,0x00000000f9d00000)
 ParOldGen       total 83968K, used 15843K [0x00000000e0000000, 0x00000000e5200000, 0x00000000f5500000)
  object space 83968K, 18% used [0x00000000e0000000,0x00000000e0f78d28,0x00000000e5200000)
 PSPermGen       total 24576K, used 24244K [0x00000000d8000000, 0x00000000d9800000, 0x00000000e0000000)
  object space 24576K, 98% used [0x00000000d8000000,0x00000000d97ad318,0x00000000d9800000)
}
Event: 2.669 GC heap before
{Heap before GC invocations=4 (full 0):
 PSYoungGen      total 36864K, used 36836K [0x00000000f5500000, 0x00000000f9d00000, 0x0000000100000000)
  eden space 31744K, 100% used [0x00000000f5500000,0x00000000f7400000,0x00000000f7400000)
  from space 5120K, 99% used [0x00000000f7400000,0x00000000f78f91a0,0x00000000f7900000)
  to   space 5120K, 0% used [0x00000000f9800000,0x00000000f9800000,0x00000000f9d00000)
 ParOldGen       total 83968K, used 15843K [0x00000000e0000000, 0x00000000e5200000, 0x00000000f5500000)
  object space 83968K, 18% used [0x00000000e0000000,0x00000000e0f78d28,0x00000000e5200000)
 PSPermGen       total 31744K, used 31720K [0x00000000d8000000, 0x00000000d9f00000, 0x00000000e0000000)
  object space 31744K, 99% used [0x00000000d8000000,0x00000000d9efa280,0x00000000d9f00000)
Event: 2.704 GC heap after
Heap after GC invocations=4 (full 0):
 PSYoungGen      total 68608K, used 5092K [0x00000000f5500000, 0x00000000f9d00000, 0x0000000100000000)
  eden space 63488K, 0% used [0x00000000f5500000,0x00000000f5500000,0x00000000f9300000)
  from space 5120K, 99% used [0x00000000f9800000,0x00000000f9cf91f0,0x00000000f9d00000)
  to   space 5120K, 0% used [0x00000000f9300000,0x00000000f9300000,0x00000000f9800000)
 ParOldGen       total 83968K, used 26564K [0x00000000e0000000, 0x00000000e5200000, 0x00000000f5500000)
  object space 83968K, 31% used [0x00000000e0000000,0x00000000e19f1298,0x00000000e5200000)
 PSPermGen       total 31744K, used 31720K [0x00000000d8000000, 0x00000000d9f00000, 0x00000000e0000000)
  object space 31744K, 99% used [0x00000000d8000000,0x00000000d9efa280,0x00000000d9f00000)
}
Event: 4.648 GC heap before
{Heap before GC invocations=5 (full 0):
 PSYoungGen      total 68608K, used 68580K [0x00000000f5500000, 0x00000000f9d00000, 0x0000000100000000)
  eden space 63488K, 100% used [0x00000000f5500000,0x00000000f9300000,0x00000000f9300000)
  from space 5120K, 99% used [0x00000000f9800000,0x00000000f9cf91f0,0x00000000f9d00000)
  to   space 5120K, 0% used [0x00000000f9300000,0x00000000f9300000,0x00000000f9800000)
 ParOldGen       total 83968K, used 26564K [0x00000000e0000000, 0x00000000e5200000, 0x00000000f5500000)
  object space 83968K, 31% used [0x00000000e0000000,0x00000000e19f1298,0x00000000e5200000)
 PSPermGen       total 36352K, used 36184K [0x00000000d8000000, 0x00000000da380000, 0x00000000e0000000)
  object space 36352K, 99% used [0x00000000d8000000,0x00000000da3562c0,0x00000000da380000)

