# JRE version: Java(TM) SE Runtime Environment (7.0_76-b13) (build 1.7.0_76-b13)
# Java VM: Java HotSpot(TM) 64-Bit Server VM (24.76-b04 mixed mode linux-amd64 compressed oops)
Heap
 PSYoungGen      total 132096K, used 5101K [0x00000007d7000000, 0x00000007df600000, 0x0000000800000000)
  eden space 126976K, 0% used [0x00000007d7000000,0x00000007d7000000,0x00000007dec00000)
  from space 5120K, 99% used [0x00000007dec00000,0x00000007df0fb558,0x00000007df100000)
  to   space 5120K, 0% used [0x00000007df100000,0x00000007df100000,0x00000007df600000)
 ParOldGen       total 83968K, used 8759K [0x0000000785000000, 0x000000078a200000, 0x00000007d7000000)
  object space 83968K, 10% used [0x0000000785000000,0x000000078588de70,0x000000078a200000)
 PSPermGen       total 21504K, used 16237K [0x000000077fe00000, 0x0000000781300000, 0x0000000785000000)
  object space 21504K, 75% used [0x000000077fe00000,0x0000000780ddb590,0x0000000781300000)
GC Heap History (9 events):
Event: 0.705 GC heap before
{Heap before GC invocations=1 (full 0):
 PSYoungGen      total 36864K, used 31744K [0x00000007d7000000, 0x00000007d9900000, 0x0000000800000000)
  eden space 31744K, 100% used [0x00000007d7000000,0x00000007d8f00000,0x00000007d8f00000)
  from space 5120K, 0% used [0x00000007d9400000,0x00000007d9400000,0x00000007d9900000)
  to   space 5120K, 0% used [0x00000007d8f00000,0x00000007d8f00000,0x00000007d9400000)
 ParOldGen       total 83968K, used 0K [0x0000000785000000, 0x000000078a200000, 0x00000007d7000000)
  object space 83968K, 0% used [0x0000000785000000,0x0000000785000000,0x000000078a200000)
 PSPermGen       total 21504K, used 4256K [0x000000077fe00000, 0x0000000781300000, 0x0000000785000000)
  object space 21504K, 19% used [0x000000077fe00000,0x0000000780228198,0x0000000781300000)
Event: 0.713 GC heap after
Heap after GC invocations=1 (full 0):
 PSYoungGen      total 36864K, used 2457K [0x00000007d7000000, 0x00000007db800000, 0x0000000800000000)
  eden space 31744K, 0% used [0x00000007d7000000,0x00000007d7000000,0x00000007d8f00000)
  from space 5120K, 47% used [0x00000007d8f00000,0x00000007d91665e8,0x00000007d9400000)
  to   space 5120K, 0% used [0x00000007db300000,0x00000007db300000,0x00000007db800000)
 ParOldGen       total 83968K, used 8K [0x0000000785000000, 0x000000078a200000, 0x00000007d7000000)
  object space 83968K, 0% used [0x0000000785000000,0x0000000785002000,0x000000078a200000)
 PSPermGen       total 21504K, used 4256K [0x000000077fe00000, 0x0000000781300000, 0x0000000785000000)
  object space 21504K, 19% used [0x000000077fe00000,0x0000000780228198,0x0000000781300000)
}
Event: 1.275 GC heap before
{Heap before GC invocations=2 (full 0):
 PSYoungGen      total 36864K, used 34201K [0x00000007d7000000, 0x00000007db800000, 0x0000000800000000)
  eden space 31744K, 100% used [0x00000007d7000000,0x00000007d8f00000,0x00000007d8f00000)
  from space 5120K, 47% used [0x00000007d8f00000,0x00000007d91665e8,0x00000007d9400000)
  to   space 5120K, 0% used [0x00000007db300000,0x00000007db300000,0x00000007db800000)
 ParOldGen       total 83968K, used 8K [0x0000000785000000, 0x000000078a200000, 0x00000007d7000000)
  object space 83968K, 0% used [0x0000000785000000,0x0000000785002000,0x000000078a200000)
 PSPermGen       total 21504K, used 6220K [0x000000077fe00000, 0x0000000781300000, 0x0000000785000000)
  object space 21504K, 28% used [0x000000077fe00000,0x0000000780413058,0x0000000781300000)
Event: 1.281 GC heap after
Heap after GC invocations=2 (full 0):
 PSYoungGen      total 68608K, used 2845K [0x00000007d7000000, 0x00000007db800000, 0x0000000800000000)
  eden space 63488K, 0% used [0x00000007d7000000,0x00000007d7000000,0x00000007dae00000)
  from space 5120K, 55% used [0x00000007db300000,0x00000007db5c7588,0x00000007db800000)
  to   space 5120K, 0% used [0x00000007dae00000,0x00000007dae00000,0x00000007db300000)
 ParOldGen       total 83968K, used 16K [0x0000000785000000, 0x000000078a200000, 0x00000007d7000000)
  object space 83968K, 0% used [0x0000000785000000,0x0000000785004000,0x000000078a200000)
 PSPermGen       total 21504K, used 6220K [0x000000077fe00000, 0x0000000781300000, 0x0000000785000000)
  object space 21504K, 28% used [0x000000077fe00000,0x0000000780413058,0x0000000781300000)
}
Event: 2.724 GC heap before
{Heap before GC invocations=3 (full 0):
 PSYoungGen      total 68608K, used 66333K [0x00000007d7000000, 0x00000007db800000, 0x0000000800000000)
  eden space 63488K, 100% used [0x00000007d7000000,0x00000007dae00000,0x00000007dae00000)
  from space 5120K, 55% used [0x00000007db300000,0x00000007db5c7588,0x00000007db800000)
  to   space 5120K, 0% used [0x00000007dae00000,0x00000007dae00000,0x00000007db300000)
 ParOldGen       total 83968K, used 16K [0x0000000785000000, 0x000000078a200000, 0x00000007d7000000)
  object space 83968K, 0% used [0x0000000785000000,0x0000000785004000,0x000000078a200000)
 PSPermGen       total 21504K, used 11853K [0x000000077fe00000, 0x0000000781300000, 0x0000000785000000)
  object space 21504K, 55% used [0x000000077fe00000,0x00000007809935c0,0x0000000781300000)
Event: 2.765 GC heap after
Heap after GC invocations=3 (full 0):
 PSYoungGen      total 68608K, used 4852K [0x00000007d7000000, 0x00000007df600000, 0x0000000800000000)
  eden space 63488K, 0% used [0x00000007d7000000,0x00000007d7000000,0x00000007dae00000)
  from space 5120K, 94% used [0x00000007dae00000,0x00000007db2bd2b8,0x00000007db300000)
  to   space 5120K, 0% used [0x00000007df100000,0x00000007df100000,0x00000007df600000)
 ParOldGen       total 83968K, used 24K [0x0000000785000000, 0x000000078a200000, 0x00000007d7000000)
  object space 83968K, 0% used [0x0000000785000000,0x0000000785006000,0x000000078a200000)
 PSPermGen       total 21504K, used 11853K [0x000000077fe00000, 0x0000000781300000, 0x0000000785000000)
  object space 21504K, 55% used [0x000000077fe00000,0x00000007809935c0,0x0000000781300000)
}
Event: 25.883 GC heap before
{Heap before GC invocations=4 (full 0):
 PSYoungGen      total 68608K, used 68340K [0x00000007d7000000, 0x00000007df600000, 0x0000000800000000)
  eden space 63488K, 100% used [0x00000007d7000000,0x00000007dae00000,0x00000007dae00000)
  from space 5120K, 94% used [0x00000007dae00000,0x00000007db2bd2b8,0x00000007db300000)
  to   space 5120K, 0% used [0x00000007df100000,0x00000007df100000,0x00000007df600000)
 ParOldGen       total 83968K, used 24K [0x0000000785000000, 0x000000078a200000, 0x00000007d7000000)
  object space 83968K, 0% used [0x0000000785000000,0x0000000785006000,0x000000078a200000)
 PSPermGen       total 21504K, used 14905K [0x000000077fe00000, 0x0000000781300000, 0x0000000785000000)
  object space 21504K, 69% used [0x000000077fe00000,0x0000000780c8e768,0x0000000781300000)
Event: 25.909 GC heap after
Heap after GC invocations=4 (full 0):
 PSYoungGen      total 132096K, used 5105K [0x00000007d7000000, 0x00000007df600000, 0x0000000800000000)
  eden space 126976K, 0% used [0x00000007d7000000,0x00000007d7000000,0x00000007dec00000)
  from space 5120K, 99% used [0x00000007df100000,0x00000007df5fc550,0x00000007df600000)
  to   space 5120K, 0% used [0x00000007dec00000,0x00000007dec00000,0x00000007df100000)
 ParOldGen       total 83968K, used 3101K [0x0000000785000000, 0x000000078a200000, 0x00000007d7000000)
  object space 83968K, 3% used [0x0000000785000000,0x0000000785307540,0x000000078a200000)
 PSPermGen       total 21504K, used 14905K [0x000000077fe00000, 0x0000000781300000, 0x0000000785000000)
  object space 21504K, 69% used [0x000000077fe00000,0x0000000780c8e768,0x0000000781300000)
}
Event: 30.355 GC heap before
{Heap before GC invocations=5 (full 0):
 PSYoungGen      total 132096K, used 132081K [0x00000007d7000000, 0x00000007df600000, 0x0000000800000000)
  eden space 126976K, 100% used [0x00000007d7000000,0x00000007dec00000,0x00000007dec00000)
  from space 5120K, 99% used [0x00000007df100000,0x00000007df5fc550,0x00000007df600000)
  to   space 5120K, 0% used [0x00000007dec00000,0x00000007dec00000,0x00000007df100000)
 ParOldGen       total 83968K, used 3101K [0x0000000785000000, 0x000000078a200000, 0x00000007d7000000)
  object space 83968K, 3% used [0x0000000785000000,0x0000000785307540,0x000000078a200000)
 PSPermGen       total 21504K, used 16237K [0x000000077fe00000, 0x0000000781300000, 0x0000000785000000)
  object space 21504K, 75% used [0x000000077fe00000,0x0000000780ddb590,0x0000000781300000)

